<?xml version="1.0" encoding="UTF-8"?>
<coverage generated="1633046290197" clover="3.2.0">
  <project timestamp="1633046290198" name="All files">
    <metrics statements="35" coveredstatements="34" conditionals="4" coveredconditionals="2" methods="16" coveredmethods="15" elements="55" coveredelements="51" complexity="0" loc="35" ncloc="35" packages="1" files="2" classes="2"/>
    <file name="crud.js" path="C:\Users\HP\Desktop\Microverse-Projects\Mode-2\To-Do-List-Project\src\crud.js">
      <metrics statements="31" coveredstatements="30" conditionals="4" coveredconditionals="2" methods="13" coveredmethods="12"/>
      <line num="3" count="1" type="stmt"/>
      <line num="5" count="1" type="stmt"/>
      <line num="6" count="2" type="stmt"/>
      <line num="11" count="2" type="stmt"/>
      <line num="14" count="1" type="stmt"/>
      <line num="15" count="2" type="stmt"/>
      <line num="16" count="2" type="stmt"/>
      <line num="17" count="3" type="stmt"/>
      <line num="25" count="2" type="stmt"/>
      <line num="26" count="2" type="stmt"/>
      <line num="29" count="1" type="stmt"/>
      <line num="30" count="2" type="stmt"/>
      <line num="31" count="1" type="stmt"/>
      <line num="32" count="1" type="stmt"/>
      <line num="34" count="1" type="stmt"/>
      <line num="37" count="1" type="stmt"/>
      <line num="38" count="1" type="stmt"/>
      <line num="39" count="1" type="stmt"/>
      <line num="40" count="1" type="cond" truecount="1" falsecount="1"/>
      <line num="41" count="1" type="stmt"/>
      <line num="43" count="1" type="stmt"/>
      <line num="47" count="1" type="stmt"/>
      <line num="48" count="1" type="stmt"/>
      <line num="49" count="1" type="cond" truecount="1" falsecount="1"/>
      <line num="50" count="1" type="stmt"/>
      <line num="52" count="1" type="stmt"/>
      <line num="56" count="1" type="stmt"/>
      <line num="57" count="1" type="stmt"/>
      <line num="58" count="1" type="stmt"/>
      <line num="59" count="0" type="stmt"/>
      <line num="61" count="1" type="stmt"/>
    </file>
    <file name="localstorage.js" path="C:\Users\HP\Desktop\Microverse-Projects\Mode-2\To-Do-List-Project\src\localstorage.js">
      <metrics statements="4" coveredstatements="4" conditionals="0" coveredconditionals="0" methods="3" coveredmethods="3"/>
      <line num="4" count="1" type="stmt"/>
      <line num="7" count="1" type="stmt"/>
      <line num="8" count="2" type="stmt"/>
      <line num="11" count="1" type="stmt"/>
    </file>
  </project>
</coverage>
