{"C:\\Users\\HP\\Desktop\\Microverse-Projects\\Mode-2\\To-Do-List-Project\\src\\crud.js": {"path":"C:\\Users\\HP\\Desktop\\Microverse-Projects\\Mode-2\\To-Do-List-Project\\src\\crud.js","statementMap":{"0":{"start":{"line":3,"column":23},"end":{"line":3,"column":41}},"1":{"start":{"line":5,"column":23},"end":{"line":12,"column":1}},"2":{"start":{"line":6,"column":29},"end":{"line":10,"column":3}},"3":{"start":{"line":11,"column":2},"end":{"line":11,"column":46}},"4":{"start":{"line":14,"column":29},"end":{"line":27,"column":1}},"5":{"start":{"line":15,"column":13},"end":{"line":15,"column":15}},"6":{"start":{"line":16,"column":2},"end":{"line":24,"column":5}},"7":{"start":{"line":17,"column":4},"end":{"line":23,"column":12}},"8":{"start":{"line":25,"column":29},"end":{"line":25,"column":70}},"9":{"start":{"line":26,"column":2},"end":{"line":26,"column":38}},"10":{"start":{"line":29,"column":26},"end":{"line":35,"column":1}},"11":{"start":{"line":30,"column":24},"end":{"line":30,"column":93}},"12":{"start":{"line":30,"column":55},"end":{"line":30,"column":92}},"13":{"start":{"line":31,"column":2},"end":{"line":33,"column":5}},"14":{"start":{"line":32,"column":4},"end":{"line":32,"column":26}},"15":{"start":{"line":34,"column":2},"end":{"line":34,"column":32}},"16":{"start":{"line":37,"column":24},"end":{"line":45,"column":1}},"17":{"start":{"line":38,"column":16},"end":{"line":38,"column":59}},"18":{"start":{"line":39,"column":2},"end":{"line":44,"column":5}},"19":{"start":{"line":40,"column":4},"end":{"line":42,"column":5}},"20":{"start":{"line":41,"column":6},"end":{"line":41,"column":39}},"21":{"start":{"line":43,"column":4},"end":{"line":43,"column":17}},"22":{"start":{"line":47,"column":28},"end":{"line":54,"column":1}},"23":{"start":{"line":48,"column":2},"end":{"line":53,"column":5}},"24":{"start":{"line":49,"column":4},"end":{"line":51,"column":5}},"25":{"start":{"line":50,"column":6},"end":{"line":50,"column":30}},"26":{"start":{"line":52,"column":4},"end":{"line":52,"column":17}},"27":{"start":{"line":56,"column":34},"end":{"line":62,"column":1}},"28":{"start":{"line":57,"column":24},"end":{"line":57,"column":69}},"29":{"start":{"line":57,"column":46},"end":{"line":57,"column":68}},"30":{"start":{"line":58,"column":2},"end":{"line":60,"column":5}},"31":{"start":{"line":59,"column":4},"end":{"line":59,"column":26}},"32":{"start":{"line":61,"column":2},"end":{"line":61,"column":32}}},"fnMap":{"0":{"name":"(anonymous_0)","decl":{"start":{"line":5,"column":23},"end":{"line":5,"column":24}},"loc":{"start":{"line":5,"column":29},"end":{"line":12,"column":1}},"line":5},"1":{"name":"(anonymous_1)","decl":{"start":{"line":14,"column":29},"end":{"line":14,"column":30}},"loc":{"start":{"line":14,"column":40},"end":{"line":27,"column":1}},"line":14},"2":{"name":"(anonymous_2)","decl":{"start":{"line":16,"column":16},"end":{"line":16,"column":17}},"loc":{"start":{"line":16,"column":29},"end":{"line":24,"column":3}},"line":16},"3":{"name":"(anonymous_3)","decl":{"start":{"line":29,"column":26},"end":{"line":29,"column":27}},"loc":{"start":{"line":29,"column":37},"end":{"line":35,"column":1}},"line":29},"4":{"name":"(anonymous_4)","decl":{"start":{"line":30,"column":45},"end":{"line":30,"column":46}},"loc":{"start":{"line":30,"column":55},"end":{"line":30,"column":92}},"line":30},"5":{"name":"(anonymous_5)","decl":{"start":{"line":31,"column":24},"end":{"line":31,"column":25}},"loc":{"start":{"line":31,"column":40},"end":{"line":33,"column":3}},"line":31},"6":{"name":"(anonymous_6)","decl":{"start":{"line":37,"column":24},"end":{"line":37,"column":25}},"loc":{"start":{"line":37,"column":42},"end":{"line":45,"column":1}},"line":37},"7":{"name":"(anonymous_7)","decl":{"start":{"line":39,"column":15},"end":{"line":39,"column":16}},"loc":{"start":{"line":39,"column":40},"end":{"line":44,"column":3}},"line":39},"8":{"name":"(anonymous_8)","decl":{"start":{"line":47,"column":28},"end":{"line":47,"column":29}},"loc":{"start":{"line":47,"column":46},"end":{"line":54,"column":1}},"line":47},"9":{"name":"(anonymous_9)","decl":{"start":{"line":48,"column":15},"end":{"line":48,"column":16}},"loc":{"start":{"line":48,"column":40},"end":{"line":53,"column":3}},"line":48},"10":{"name":"(anonymous_10)","decl":{"start":{"line":56,"column":34},"end":{"line":56,"column":35}},"loc":{"start":{"line":56,"column":45},"end":{"line":62,"column":1}},"line":56},"11":{"name":"(anonymous_11)","decl":{"start":{"line":57,"column":37},"end":{"line":57,"column":38}},"loc":{"start":{"line":57,"column":46},"end":{"line":57,"column":68}},"line":57},"12":{"name":"(anonymous_12)","decl":{"start":{"line":58,"column":24},"end":{"line":58,"column":25}},"loc":{"start":{"line":58,"column":40},"end":{"line":60,"column":3}},"line":58}},"branchMap":{"0":{"loc":{"start":{"line":40,"column":4},"end":{"line":42,"column":5}},"type":"if","locations":[{"start":{"line":40,"column":4},"end":{"line":42,"column":5}},{"start":{"line":40,"column":4},"end":{"line":42,"column":5}}],"line":40},"1":{"loc":{"start":{"line":49,"column":4},"end":{"line":51,"column":5}},"type":"if","locations":[{"start":{"line":49,"column":4},"end":{"line":51,"column":5}},{"start":{"line":49,"column":4},"end":{"line":51,"column":5}}],"line":49}},"s":{"0":1,"1":1,"2":2,"3":2,"4":1,"5":2,"6":2,"7":3,"8":2,"9":2,"10":1,"11":1,"12":2,"13":1,"14":1,"15":1,"16":1,"17":1,"18":1,"19":1,"20":1,"21":1,"22":1,"23":1,"24":1,"25":1,"26":1,"27":1,"28":1,"29":1,"30":1,"31":0,"32":1},"f":{"0":2,"1":2,"2":3,"3":1,"4":2,"5":1,"6":1,"7":1,"8":1,"9":1,"10":1,"11":1,"12":0},"b":{"0":[1,0],"1":[1,0]},"_coverageSchema":"1a1c01bbd47fc00a2c39e90264f33305004495a9","hash":"27efc56a64b3e4e178c8c68fe46689afc8b81310"}
,"C:\\Users\\HP\\Desktop\\Microverse-Projects\\Mode-2\\To-Do-List-Project\\src\\localstorage.js": {"path":"C:\\Users\\HP\\Desktop\\Microverse-Projects\\Mode-2\\To-Do-List-Project\\src\\localstorage.js","statementMap":{"0":{"start":{"line":4,"column":4},"end":{"line":4,"column":20}},"1":{"start":{"line":7,"column":20},"end":{"line":9,"column":3}},"2":{"start":{"line":8,"column":4},"end":{"line":8,"column":28}},"3":{"start":{"line":11,"column":20},"end":{"line":11,"column":36}},"4":{"start":{"line":11,"column":26},"end":{"line":11,"column":36}}},"fnMap":{"0":{"name":"(anonymous_0)","decl":{"start":{"line":3,"column":2},"end":{"line":3,"column":3}},"loc":{"start":{"line":3,"column":16},"end":{"line":5,"column":3}},"line":3},"1":{"name":"(anonymous_1)","decl":{"start":{"line":7,"column":20},"end":{"line":7,"column":21}},"loc":{"start":{"line":7,"column":32},"end":{"line":9,"column":3}},"line":7},"2":{"name":"(anonymous_2)","decl":{"start":{"line":11,"column":20},"end":{"line":11,"column":21}},"loc":{"start":{"line":11,"column":26},"end":{"line":11,"column":36}},"line":11}},"branchMap":{},"s":{"0":1,"1":1,"2":2,"3":1,"4":1},"f":{"0":1,"1":2,"2":1},"b":{},"_coverageSchema":"1a1c01bbd47fc00a2c39e90264f33305004495a9","hash":"debaeaf9be87210cdf59c2b95d9cb67e3e4e96c5"}
}
